<?xml version="1.0" encoding="UTF-8"?>
<!-- Generated by org.testng.reporters.JUnitReportReporter -->
<testsuite hostname="DESKTOP-8C0LO3K" failures="0" tests="2" name="com.obsqura.tests.CreateDeliveryBoyTest" time="39.314" errors="0" timestamp="2024-03-08T20:42:14 IST" skipped="0">
  <testcase classname="com.obsqura.tests.CreateDeliveryBoyTest" name="createDeliveryBoy" time="14.627"/>
  <system-out/>
  <testcase classname="com.obsqura.tests.CreateDeliveryBoyTest" name="createDeliveryBoy" time="24.687"/>
  <system-out/>
</testsuite> <!-- com.obsqura.tests.CreateDeliveryBoyTest -->
