<?xml version="1.0" encoding="UTF-8"?>
<!-- Generated by org.testng.reporters.JUnitReportReporter -->
<testsuite hostname="DESKTOP-8C0LO3K" failures="0" tests="1" name="com.obsqura.tests.CreateExpenseTest" time="11.295" errors="0" timestamp="2024-03-05T20:34:29 IST" skipped="0">
  <testcase classname="com.obsqura.tests.CreateExpenseTest" name="anotherTest" time="11.295"/>
  <system-out/>
</testsuite> <!-- com.obsqura.tests.CreateExpenseTest -->
