<?xml version="1.0" encoding="UTF-8"?>
<!-- Generated by org.testng.reporters.JUnitReportReporter -->
<testsuite hostname="DESKTOP-8C0LO3K" failures="0" tests="2" name="com.obsqura.tests.CreateDeliveryBoyTest" time="35.122" errors="0" timestamp="2024-03-08T20:48:09 IST" skipped="0">
  <testcase classname="com.obsqura.tests.CreateDeliveryBoyTest" name="createDeliveryBoy" time="20.850"/>
  <system-out/>
  <testcase classname="com.obsqura.tests.CreateDeliveryBoyTest" name="createDeliveryBoy" time="14.272"/>
  <system-out/>
</testsuite> <!-- com.obsqura.tests.CreateDeliveryBoyTest -->
