<?xml version="1.0" encoding="UTF-8"?>
<!-- Generated by org.testng.reporters.JUnitReportReporter -->
<testsuite hostname="DESKTOP-8C0LO3K" failures="0" tests="1" name="com.obsqura.tests.LoginTest" time="13.165" errors="0" timestamp="2024-03-19T20:28:08 IST" skipped="0">
  <testcase classname="com.obsqura.tests.LoginTest" name="verifyUserIsAbleToLogin" time="13.165"/>
  <system-out/>
</testsuite> <!-- com.obsqura.tests.LoginTest -->
