<?xml version="1.0" encoding="UTF-8"?>
<!-- Generated by org.testng.reporters.JUnitReportReporter -->
<testsuite hostname="DESKTOP-8C0LO3K" failures="0" tests="1" name="com.obsqura.tests.CreateDeleteExpenseTest" time="16.904" errors="0" timestamp="2024-03-08T20:48:09 IST" skipped="0">
  <testcase classname="com.obsqura.tests.CreateDeleteExpenseTest" name="anotherTest" time="16.904"/>
  <system-out/>
</testsuite> <!-- com.obsqura.tests.CreateDeleteExpenseTest -->
