<?xml version="1.0" encoding="UTF-8"?>
<!-- Generated by org.testng.reporters.JUnitReportReporter -->
<testsuite hostname="DESKTOP-8C0LO3K" failures="0" tests="1" name="com.obsqura.tests.LoginTest" time="6.858" errors="0" timestamp="2024-03-01T20:23:49 IST" skipped="0">
  <testcase classname="com.obsqura.tests.LoginTest" name="verifyUserIsAbleToLogin" time="6.858"/>
  <system-out/>
</testsuite> <!-- com.obsqura.tests.LoginTest -->
