<?xml version="1.0" encoding="UTF-8"?>
<!-- Generated by org.testng.reporters.JUnitReportReporter -->
<testsuite hostname="DESKTOP-8C0LO3K" failures="0" tests="1" name="com.obsqura.tests.CreateDeleteExpenseTest" time="16.190" errors="0" timestamp="2024-03-19T20:28:07 IST" skipped="0">
  <testcase classname="com.obsqura.tests.CreateDeleteExpenseTest" name="verifyUserIsAbleTocreateDeleteExpense" time="16.190"/>
  <system-out/>
</testsuite> <!-- com.obsqura.tests.CreateDeleteExpenseTest -->
