<?xml version="1.0" encoding="UTF-8"?>
<!-- Generated by org.testng.reporters.JUnitReportReporter -->
<testsuite hostname="DESKTOP-8C0LO3K" failures="0" tests="2" name="com.obsqura.tests.CreateDeliveryBoyTest" time="17.771" errors="0" timestamp="2024-03-18T21:29:23 IST" skipped="0">
  <testcase classname="com.obsqura.tests.CreateDeliveryBoyTest" name="createDeliveryBoy" time="10.216"/>
  <system-out/>
  <testcase classname="com.obsqura.tests.CreateDeliveryBoyTest" name="createDeliveryBoy" time="7.555"/>
  <system-out/>
</testsuite> <!-- com.obsqura.tests.CreateDeliveryBoyTest -->
