<?xml version="1.0" encoding="UTF-8"?>
<!-- Generated by org.testng.reporters.JUnitReportReporter -->
<testsuite hostname="DESKTOP-8C0LO3K" failures="0" tests="1" name="com.obsqura.tests.CreateDeleteExpenseTest" time="3.381" errors="0" timestamp="2024-03-12T20:38:26 IST" skipped="0">
  <testcase classname="com.obsqura.tests.CreateDeleteExpenseTest" name="anotherTest" time="3.381"/>
  <system-out/>
</testsuite> <!-- com.obsqura.tests.CreateDeleteExpenseTest -->
