<?xml version="1.0" encoding="UTF-8"?>
<!-- Generated by org.testng.reporters.JUnitReportReporter -->
<testsuite hostname="DESKTOP-8C0LO3K" failures="0" tests="1" name="com.obsqura.tests.LoginTest" time="7.503" errors="0" timestamp="2024-04-02T19:43:42 IST" skipped="0">
  <testcase classname="com.obsqura.tests.LoginTest" name="verifyUserIsAbleToLogin" time="7.503"/>
  <system-out/>
</testsuite> <!-- com.obsqura.tests.LoginTest -->
