<?xml version="1.0" encoding="UTF-8"?>
<!-- Generated by org.testng.reporters.JUnitReportReporter -->
<testsuite hostname="DESKTOP-8C0LO3K" failures="0" tests="1" name="com.obsqura.tests.AdminTest" time="39.913" errors="0" timestamp="2024-03-20T20:30:09 IST" skipped="0">
  <testcase classname="com.obsqura.tests.AdminTest" name="createAdmin" time="39.913"/>
  <system-out/>
</testsuite> <!-- com.obsqura.tests.AdminTest -->
