<?xml version="1.0" encoding="UTF-8"?>
<!-- Generated by org.testng.reporters.JUnitReportReporter -->
<testsuite hostname="DESKTOP-8C0LO3K" failures="0" tests="1" name="com.obsqura.tests.CreateNewsTest" time="5.649" errors="0" timestamp="2024-03-13T20:21:30 IST" skipped="0">
  <testcase classname="com.obsqura.tests.CreateNewsTest" name="createNews" time="5.649"/>
  <system-out/>
</testsuite> <!-- com.obsqura.tests.CreateNewsTest -->
