<?xml version="1.0" encoding="UTF-8"?>
<!-- Generated by org.testng.reporters.JUnitReportReporter -->
<testsuite hostname="DESKTOP-8C0LO3K" failures="0" tests="2" name="com.obsqura.tests.CreateDeliveryBoyTest" time="9.889" errors="0" timestamp="2024-03-13T20:21:30 IST" skipped="0">
  <testcase classname="com.obsqura.tests.CreateDeliveryBoyTest" name="createDeliveryBoy" time="4.869"/>
  <system-out/>
  <testcase classname="com.obsqura.tests.CreateDeliveryBoyTest" name="createDeliveryBoy" time="5.020"/>
  <system-out/>
</testsuite> <!-- com.obsqura.tests.CreateDeliveryBoyTest -->
