<?xml version="1.0" encoding="UTF-8"?>
<!-- Generated by org.testng.reporters.JUnitReportReporter -->
<testsuite hostname="DESKTOP-8C0LO3K" failures="0" tests="1" name="com.obsqura.tests.CreateDeleteExpenseTest" time="15.265" errors="0" timestamp="2024-04-02T19:43:42 IST" skipped="0">
  <testcase classname="com.obsqura.tests.CreateDeleteExpenseTest" name="verifyUserIsAbleTocreateDeleteExpense" time="15.265"/>
  <system-out/>
</testsuite> <!-- com.obsqura.tests.CreateDeleteExpenseTest -->
